E:\个人工作区\KE\DEBUG\KE.EXE
E:\个人工作区\KE\DEBUG\KE.ILK
E:\个人工作区\KE\DEBUG\KE.PDB
E:\个人工作区\ke\ke\Debug\cl.command.1.tlog
E:\个人工作区\ke\ke\Debug\CL.read.1.tlog
E:\个人工作区\ke\ke\Debug\CL.write.1.tlog
E:\个人工作区\KE\KE\DEBUG\KE.EXE.EMBED.MANIFEST
E:\个人工作区\KE\KE\DEBUG\KE.EXE.EMBED.MANIFEST.RES
E:\个人工作区\KE\KE\DEBUG\KE.EXE.INTERMEDIATE.MANIFEST
E:\个人工作区\KE\KE\DEBUG\KE.OBJ
E:\个人工作区\KE\KE\DEBUG\KE.PCH
E:\个人工作区\ke\ke\Debug\ke.vcxprojResolveAssemblyReference.cache
E:\个人工作区\ke\ke\Debug\ke.write.1.tlog
E:\个人工作区\ke\ke\Debug\ke_manifest.rc
E:\个人工作区\ke\ke\Debug\link.38836.read.1.tlog
E:\个人工作区\ke\ke\Debug\link.38836.write.1.tlog
E:\个人工作区\ke\ke\Debug\link.38836-cvtres.read.1.tlog
E:\个人工作区\ke\ke\Debug\link.38836-cvtres.write.1.tlog
E:\个人工作区\ke\ke\Debug\link.50520.read.1.tlog
E:\个人工作区\ke\ke\Debug\link.50520.write.1.tlog
E:\个人工作区\ke\ke\Debug\link.50520-cvtres.read.1.tlog
E:\个人工作区\ke\ke\Debug\link.50520-cvtres.write.1.tlog
E:\个人工作区\ke\ke\Debug\link.command.1.tlog
E:\个人工作区\ke\ke\Debug\link.read.1.tlog
E:\个人工作区\ke\ke\Debug\link.write.1.tlog
E:\个人工作区\ke\ke\Debug\link-cvtres.read.1.tlog
E:\个人工作区\ke\ke\Debug\link-cvtres.write.1.tlog
E:\个人工作区\ke\ke\Debug\mt.command.1.tlog
E:\个人工作区\ke\ke\Debug\mt.read.1.tlog
E:\个人工作区\ke\ke\Debug\mt.write.1.tlog
E:\个人工作区\ke\ke\Debug\rc.command.1.tlog
E:\个人工作区\ke\ke\Debug\rc.read.1.tlog
E:\个人工作区\ke\ke\Debug\rc.write.1.tlog
E:\个人工作区\KE\KE\DEBUG\STDAFX.OBJ
E:\个人工作区\ke\ke\Debug\vc100.idb
E:\个人工作区\KE\KE\DEBUG\VC100.PDB
