Build started 2014/8/21 12:33:26.
     1>Project "E:\个人工作区\ke\ke\ke.vcxproj" on node 2 (build target(s)).
     1>InitializeBuildStatus:
         Creating "Debug\ke.unsuccessfulbuild" because "AlwaysCreate" was specified.
       ClCompile:
         All outputs are up-to-date.
         E:\Win8Install\VC\bin\CL.exe /c /ZI /nologo /W3 /WX- /Od /Oy- /D WIN32 /D _DEBUG /D _CONSOLE /D _UNICODE /D UNICODE /Gm /EHsc /RTC1 /MDd /GS /fp:precise /Zc:wchar_t /Zc:forScope /Yu"StdAfx.h" /Fp"Debug\ke.pch" /Fo"Debug\\" /Fd"Debug\vc100.pdb" /Gd /TP /analyze- /errorReport:prompt ke.cpp
         ke.cpp
     1>e:\个人工作区\ke\ke\ke.cpp(127): warning C4996: 'getch': The POSIX name for this item is deprecated. Instead, use the ISO C++ conformant name: _getch. See online help for details.
                 e:\win8install\vc\include\conio.h(128) : see declaration of 'getch'
       ManifestResourceCompile:
         All outputs are up-to-date.
       Link:
         E:\Win8Install\VC\bin\link.exe /ERRORREPORT:PROMPT /OUT:"E:\个人工作区\ke\Debug\ke.exe" /INCREMENTAL /NOLOGO kernel32.lib user32.lib gdi32.lib winspool.lib comdlg32.lib advapi32.lib shell32.lib ole32.lib oleaut32.lib uuid.lib odbc32.lib odbccp32.lib /MANIFEST /ManifestFile:"Debug\ke.exe.intermediate.manifest" /MANIFESTUAC:"level='asInvoker' uiAccess='false'" /DEBUG /PDB:"E:\个人工作区\ke\Debug\ke.pdb" /SUBSYSTEM:CONSOLE /TLBID:1 /DYNAMICBASE /NXCOMPAT /IMPLIB:"E:\个人工作区\ke\Debug\ke.lib" /MACHINE:X86 Debug\ke.exe.embed.manifest.res
         Debug\ke.obj
         Debug\stdafx.obj
       Manifest:
         D:\Program Files (x86)\Microsoft SDKs\Windows\v7.0A\bin\mt.exe /nologo /verbose /out:"Debug\ke.exe.embed.manifest" /manifest Debug\ke.exe.intermediate.manifest
         All outputs are up-to-date.
       LinkEmbedManifest:
         All outputs are up-to-date.
         ke.vcxproj -> E:\个人工作区\ke\Debug\ke.exe
       FinalizeBuildStatus:
         Deleting file "Debug\ke.unsuccessfulbuild".
         Touching "Debug\ke.lastbuildstate".
     1>Done Building Project "E:\个人工作区\ke\ke\ke.vcxproj" (build target(s)).

Build succeeded.

Time Elapsed 00:00:01.34
